<?xml version="1.0" encoding="utf-8"?>
<coverage line-rate="0.8504999999999999" branch-rate="0.9615" version="1.9" timestamp="1668971108" lines-covered="74" lines-valid="87" branches-covered="25" branches-valid="26">
  <sources>
    <source>/home/codex/c#projects/practise/PractiseFunction/</source>
  </sources>
  <packages>
    <package name="PractiseFunction" line-rate="0.8504999999999999" branch-rate="0.9615" complexity="34">
      <classes>
        <class name="Program" filename="Program.cs" line-rate="0" branch-rate="1" complexity="1">
          <methods>
            <method name="&lt;Main&gt;$" signature="(System.String[])" line-rate="0" branch-rate="1" complexity="1">
              <lines>
                <line number="3" hits="0" branch="False" />
                <line number="5" hits="0" branch="False" />
                <line number="6" hits="0" branch="False" />
                <line number="7" hits="0" branch="False" />
                <line number="8" hits="0" branch="False" />
                <line number="9" hits="0" branch="False" />
                <line number="10" hits="0" branch="False" />
                <line number="11" hits="0" branch="False" />
                <line number="12" hits="0" branch="False" />
                <line number="13" hits="0" branch="False" />
                <line number="17" hits="0" branch="False" />
                <line number="25" hits="0" branch="False" />
                <line number="26" hits="0" branch="False" />
              </lines>
            </method>
          </methods>
          <lines>
            <line number="3" hits="0" branch="False" />
            <line number="5" hits="0" branch="False" />
            <line number="6" hits="0" branch="False" />
            <line number="7" hits="0" branch="False" />
            <line number="8" hits="0" branch="False" />
            <line number="9" hits="0" branch="False" />
            <line number="10" hits="0" branch="False" />
            <line number="11" hits="0" branch="False" />
            <line number="12" hits="0" branch="False" />
            <line number="13" hits="0" branch="False" />
            <line number="17" hits="0" branch="False" />
            <line number="25" hits="0" branch="False" />
            <line number="26" hits="0" branch="False" />
          </lines>
        </class>
        <class name="PractiseFunction.Car" filename="Car.cs" line-rate="1" branch-rate="1" complexity="4">
          <methods>
            <method name="get_Colour" signature="()" line-rate="1" branch-rate="1" complexity="1">
              <lines>
                <line number="5" hits="565" branch="False" />
              </lines>
            </method>
            <method name="get_PassengersCount" signature="()" line-rate="1" branch-rate="1" complexity="1">
              <lines>
                <line number="7" hits="217" branch="False" />
              </lines>
            </method>
            <method name="get_CarPlate" signature="()" line-rate="1" branch-rate="1" complexity="1">
              <lines>
                <line number="8" hits="807" branch="False" />
              </lines>
            </method>
            <method name=".ctor" signature="(System.String,System.Int32,System.String)" line-rate="1" branch-rate="1" complexity="1">
              <lines>
                <line number="10" hits="155" branch="False" />
                <line number="11" hits="155" branch="False" />
                <line number="12" hits="155" branch="False" />
                <line number="13" hits="155" branch="False" />
                <line number="14" hits="155" branch="False" />
                <line number="16" hits="155" branch="False" />
              </lines>
            </method>
          </methods>
          <lines>
            <line number="5" hits="565" branch="False" />
            <line number="7" hits="217" branch="False" />
            <line number="8" hits="807" branch="False" />
            <line number="10" hits="155" branch="False" />
            <line number="11" hits="155" branch="False" />
            <line number="12" hits="155" branch="False" />
            <line number="13" hits="155" branch="False" />
            <line number="14" hits="155" branch="False" />
            <line number="16" hits="155" branch="False" />
          </lines>
        </class>
        <class name="PractiseFunction.Ferry" filename="Ferry.cs" line-rate="1" branch-rate="0.9615" complexity="29">
          <methods>
            <method name="get_PeopleCount" signature="()" line-rate="1" branch-rate="1" complexity="1">
              <lines>
                <line number="8" hits="227" branch="False" />
              </lines>
            </method>
            <method name="get_CarCount" signature="()" line-rate="1" branch-rate="1" complexity="1">
              <lines>
                <line number="9" hits="227" branch="False" />
              </lines>
            </method>
            <method name="Board" signature="(PractiseFunction.Car)" line-rate="1" branch-rate="0.9444" complexity="18">
              <lines>
                <line number="21" hits="82" branch="False" />
                <line number="22" hits="82" branch="False" />
                <line number="23" hits="82" branch="True" condition-coverage="75% (3/4)">
                  <conditions>
                    <condition number="19" type="jump" coverage="50%" />
                    <condition number="43" type="jump" coverage="100%" />
                  </conditions>
                </line>
                <line number="24" hits="71" branch="False" />
                <line number="25" hits="71" branch="False" />
                <line number="26" hits="71" branch="False" />
                <line number="27" hits="71" branch="False" />
                <line number="28" hits="71" branch="False" />
                <line number="29" hits="71" branch="False" />
                <line number="31" hits="949" branch="True" condition-coverage="100% (2/2)">
                  <conditions>
                    <condition number="299" type="jump" coverage="100%" />
                  </conditions>
                </line>
                <line number="32" hits="368" branch="False" />
                <line number="33" hits="552" branch="True" condition-coverage="100% (4/4)">
                  <conditions>
                    <condition number="196" type="jump" coverage="100%" />
                    <condition number="223" type="jump" coverage="100%" />
                  </conditions>
                </line>
                <line number="35" hits="368" branch="True" condition-coverage="100% (4/4)">
                  <conditions>
                    <condition number="231" type="jump" coverage="100%" />
                    <condition number="244" type="jump" coverage="100%" />
                  </conditions>
                </line>
                <line number="36" hits="61" branch="False" />
                <line number="37" hits="61" branch="False" />
                <line number="38" hits="61" branch="False" />
                <line number="39" hits="307" branch="True" condition-coverage="100% (4/4)">
                  <conditions>
                    <condition number="258" type="jump" coverage="100%" />
                    <condition number="271" type="jump" coverage="100%" />
                  </conditions>
                </line>
                <line number="40" hits="8" branch="False" />
                <line number="41" hits="8" branch="False" />
                <line number="42" hits="8" branch="False" />
                <line number="44" hits="299" branch="False" />
                <line number="45" hits="299" branch="False" />
                <line number="47" hits="299" branch="False" />
                <line number="48" hits="368" branch="False" />
                <line number="49" hits="71" branch="False" />
                <line number="51" hits="11" branch="False" />
                <line number="52" hits="11" branch="False" />
                <line number="53" hits="11" branch="False" />
                <line number="54" hits="82" branch="False" />
                <line number="55" hits="82" branch="False" />
              </lines>
            </method>
            <method name="HowManyCars" signature="(System.String)" line-rate="1" branch-rate="1" complexity="6">
              <lines>
                <line number="57" hits="2" branch="False" />
                <line number="58" hits="2" branch="False" />
                <line number="59" hits="2" branch="False" />
                <line number="60" hits="26" branch="True" condition-coverage="100% (2/2)">
                  <conditions>
                    <condition number="139" type="jump" coverage="100%" />
                  </conditions>
                </line>
                <line number="61" hits="10" branch="False" />
                <line number="62" hits="12" branch="True" condition-coverage="100% (2/2)">
                  <conditions>
                    <condition number="50" type="jump" coverage="100%" />
                  </conditions>
                </line>
                <line number="64" hits="10" branch="True" condition-coverage="100% (2/2)">
                  <conditions>
                    <condition number="67" type="jump" coverage="100%" />
                  </conditions>
                </line>
                <line number="65" hits="4" branch="False" />
                <line number="67" hits="4" branch="False" />
                <line number="68" hits="4" branch="False" />
                <line number="70" hits="6" branch="False" />
                <line number="71" hits="6" branch="False" />
                <line number="72" hits="6" branch="False" />
                <line number="75" hits="10" branch="False" />
                <line number="76" hits="2" branch="False" />
                <line number="77" hits="2" branch="False" />
              </lines>
            </method>
            <method name="Update" signature="(PractiseFunction.Car)" line-rate="1" branch-rate="1" complexity="2">
              <lines>
                <line number="80" hits="2" branch="False" />
                <line number="81" hits="2" branch="True" condition-coverage="100% (2/2)">
                  <conditions>
                    <condition number="31" type="jump" coverage="100%" />
                  </conditions>
                </line>
                <line number="82" hits="1" branch="False" />
                <line number="83" hits="1" branch="False" />
                <line number="84" hits="1" branch="False" />
                <line number="85" hits="1" branch="False" />
                <line number="86" hits="1" branch="False" />
                <line number="89" hits="1" branch="False" />
                <line number="90" hits="1" branch="False" />
                <line number="93" hits="2" branch="False" />
              </lines>
            </method>
            <method name=".ctor" signature="()" line-rate="1" branch-rate="1" complexity="1">
              <lines>
                <line number="11" hits="9" branch="False" />
                <line number="12" hits="9" branch="False" />
                <line number="14" hits="9" branch="False" />
                <line number="15" hits="9" branch="False" />
                <line number="16" hits="9" branch="False" />
                <line number="17" hits="9" branch="False" />
                <line number="18" hits="9" branch="False" />
              </lines>
            </method>
          </methods>
          <lines>
            <line number="8" hits="227" branch="False" />
            <line number="9" hits="227" branch="False" />
            <line number="21" hits="82" branch="False" />
            <line number="22" hits="82" branch="False" />
            <line number="23" hits="82" branch="True" condition-coverage="75% (3/4)">
              <conditions>
                <condition number="19" type="jump" coverage="50%" />
                <condition number="43" type="jump" coverage="100%" />
              </conditions>
            </line>
            <line number="24" hits="71" branch="False" />
            <line number="25" hits="71" branch="False" />
            <line number="26" hits="71" branch="False" />
            <line number="27" hits="71" branch="False" />
            <line number="28" hits="71" branch="False" />
            <line number="29" hits="71" branch="False" />
            <line number="31" hits="949" branch="True" condition-coverage="100% (2/2)">
              <conditions>
                <condition number="299" type="jump" coverage="100%" />
              </conditions>
            </line>
            <line number="32" hits="368" branch="False" />
            <line number="33" hits="552" branch="True" condition-coverage="100% (4/4)">
              <conditions>
                <condition number="196" type="jump" coverage="100%" />
                <condition number="223" type="jump" coverage="100%" />
              </conditions>
            </line>
            <line number="35" hits="368" branch="True" condition-coverage="100% (4/4)">
              <conditions>
                <condition number="231" type="jump" coverage="100%" />
                <condition number="244" type="jump" coverage="100%" />
              </conditions>
            </line>
            <line number="36" hits="61" branch="False" />
            <line number="37" hits="61" branch="False" />
            <line number="38" hits="61" branch="False" />
            <line number="39" hits="307" branch="True" condition-coverage="100% (4/4)">
              <conditions>
                <condition number="258" type="jump" coverage="100%" />
                <condition number="271" type="jump" coverage="100%" />
              </conditions>
            </line>
            <line number="40" hits="8" branch="False" />
            <line number="41" hits="8" branch="False" />
            <line number="42" hits="8" branch="False" />
            <line number="44" hits="299" branch="False" />
            <line number="45" hits="299" branch="False" />
            <line number="47" hits="299" branch="False" />
            <line number="48" hits="368" branch="False" />
            <line number="49" hits="71" branch="False" />
            <line number="51" hits="11" branch="False" />
            <line number="52" hits="11" branch="False" />
            <line number="53" hits="11" branch="False" />
            <line number="54" hits="82" branch="False" />
            <line number="55" hits="82" branch="False" />
            <line number="57" hits="2" branch="False" />
            <line number="58" hits="2" branch="False" />
            <line number="59" hits="2" branch="False" />
            <line number="60" hits="26" branch="True" condition-coverage="100% (2/2)">
              <conditions>
                <condition number="139" type="jump" coverage="100%" />
              </conditions>
            </line>
            <line number="61" hits="10" branch="False" />
            <line number="62" hits="12" branch="True" condition-coverage="100% (2/2)">
              <conditions>
                <condition number="50" type="jump" coverage="100%" />
              </conditions>
            </line>
            <line number="64" hits="10" branch="True" condition-coverage="100% (2/2)">
              <conditions>
                <condition number="67" type="jump" coverage="100%" />
              </conditions>
            </line>
            <line number="65" hits="4" branch="False" />
            <line number="67" hits="4" branch="False" />
            <line number="68" hits="4" branch="False" />
            <line number="70" hits="6" branch="False" />
            <line number="71" hits="6" branch="False" />
            <line number="72" hits="6" branch="False" />
            <line number="75" hits="10" branch="False" />
            <line number="76" hits="2" branch="False" />
            <line number="77" hits="2" branch="False" />
            <line number="80" hits="2" branch="False" />
            <line number="81" hits="2" branch="True" condition-coverage="100% (2/2)">
              <conditions>
                <condition number="31" type="jump" coverage="100%" />
              </conditions>
            </line>
            <line number="82" hits="1" branch="False" />
            <line number="83" hits="1" branch="False" />
            <line number="84" hits="1" branch="False" />
            <line number="85" hits="1" branch="False" />
            <line number="86" hits="1" branch="False" />
            <line number="89" hits="1" branch="False" />
            <line number="90" hits="1" branch="False" />
            <line number="93" hits="2" branch="False" />
            <line number="11" hits="9" branch="False" />
            <line number="12" hits="9" branch="False" />
            <line number="14" hits="9" branch="False" />
            <line number="15" hits="9" branch="False" />
            <line number="16" hits="9" branch="False" />
            <line number="17" hits="9" branch="False" />
            <line number="18" hits="9" branch="False" />
          </lines>
        </class>
      </classes>
    </package>
  </packages>
</coverage>